<?xml version="1.0" encoding="UTF-8"?>
<testsuite name="Test class for exceptions" tests="2" skipped="0" failures="0" errors="0" timestamp="2022-11-18T18:09:27" hostname="LAPTOP-8451VTIE" time="0.019">
  <properties/>
  <testcase name="testIfMethodDoesNotThrowIncorrectCellNumberException()" classname="com.game.tictactoe.GameTestSuite48x48$TestExceptionsClass" time="0.016"/>
  <testcase name="testIfMethodThrowsIncorrectCellNumberException()" classname="com.game.tictactoe.GameTestSuite48x48$TestExceptionsClass" time="0.002"/>
  <system-out><![CDATA[]]></system-out>
  <system-err><![CDATA[]]></system-err>
</testsuite>
