<?xml version="1.0" encoding="UTF-8"?>
<testsuite name="Test class for O win" tests="8" skipped="0" failures="0" errors="0" timestamp="2022-11-17T17:24:16" hostname="LAPTOP-8451VTIE" time="0.006">
  <properties/>
  <testcase name="testOWinInThirdRow()" classname="com.game.tictactoe.GameTestSuite$TestOWinClass" time="0.0"/>
  <testcase name="testOWinInSecondRow()" classname="com.game.tictactoe.GameTestSuite$TestOWinClass" time="0.001"/>
  <testcase name="testOWinInTopLeftToBottomRightDiagonal()" classname="com.game.tictactoe.GameTestSuite$TestOWinClass" time="0.0"/>
  <testcase name="testOWinInThirdColumn()" classname="com.game.tictactoe.GameTestSuite$TestOWinClass" time="0.0"/>
  <testcase name="testOWinInSecondColumn()" classname="com.game.tictactoe.GameTestSuite$TestOWinClass" time="0.0"/>
  <testcase name="testOWinInFirstRow()" classname="com.game.tictactoe.GameTestSuite$TestOWinClass" time="0.0"/>
  <testcase name="testOWinInBottomLeftToTopRightDiagonal()" classname="com.game.tictactoe.GameTestSuite$TestOWinClass" time="0.001"/>
  <testcase name="testOWinInFirstColumn()" classname="com.game.tictactoe.GameTestSuite$TestOWinClass" time="0.001"/>
  <system-out><![CDATA[]]></system-out>
  <system-err><![CDATA[]]></system-err>
</testsuite>
