<?xml version="1.0" encoding="UTF-8"?>
<testsuite name="Test class for draw cases" tests="3" skipped="0" failures="0" errors="0" timestamp="2022-11-17T17:24:16" hostname="LAPTOP-8451VTIE" time="0.003">
  <properties/>
  <testcase name="testDrawFirstCase()" classname="com.game.tictactoe.GameTestSuite$TestDrawCases" time="0.002"/>
  <testcase name="testDrawSecondCase()" classname="com.game.tictactoe.GameTestSuite$TestDrawCases" time="0.001"/>
  <testcase name="testDrawThirdCase()" classname="com.game.tictactoe.GameTestSuite$TestDrawCases" time="0.0"/>
  <system-out><![CDATA[]]></system-out>
  <system-err><![CDATA[]]></system-err>
</testsuite>
