<?xml version="1.0" encoding="UTF-8"?>
<testsuite name="Test class for exceptions" tests="2" skipped="0" failures="0" errors="0" timestamp="2022-11-30T18:37:54" hostname="LAPTOP-8451VTIE" time="0.033">
  <properties/>
  <testcase name="testIfMethodDoesNotThrowIncorrectCellNumberException()" classname="com.game.tictactoe.GameTestSuite48x48$TestExceptionsClass" time="0.029"/>
  <testcase name="testIfMethodThrowsIncorrectCellNumberException()" classname="com.game.tictactoe.GameTestSuite48x48$TestExceptionsClass" time="0.003"/>
  <system-out><![CDATA[]]></system-out>
  <system-err><![CDATA[]]></system-err>
</testsuite>
